# JRE version: OpenJDK Runtime Environment (17.0.11) (build 17.0.11+0--11852314)
# Java VM: OpenJDK 64-Bit Server VM (17.0.11+0--11852314, mixed mode, tiered, compressed oops, compressed class ptrs, g1 gc, windows-amd64)
GC Precious Log:
 CPUs: 12 total, 12 available
 Memory: 15716M
 Large Page Support: Disabled
 NUMA Support: Disabled
 Compressed Oops: Enabled (32-bit)
 Heap Region Size: 1M
 Heap Min Capacity: 8M
 Heap Initial Capacity: 246M
 Heap Max Capacity: 2G
 Pre-touch: Disabled
 Parallel Workers: 10
 Concurrent Workers: 3
 Concurrent Refinement Workers: 10
 Periodic GC: Disabled
Heap:
 garbage-first heap   total 251904K, used 110247K [0x0000000080000000, 0x0000000100000000)
  region size 1024K, 1 young (1024K), 1 survivors (1024K)
 Metaspace       used 102289K, committed 103040K, reserved 1179648K
  class space    used 14031K, committed 14400K, reserved 1048576K
GC Heap History (20 events):
Event: 9.127 GC heap after
{Heap after GC invocations=37 (full 0):
 garbage-first heap   total 147456K, used 84438K [0x0000000080000000, 0x0000000100000000)
  region size 1024K, 6 young (6144K), 6 survivors (6144K)
 Metaspace       used 90741K, committed 91456K, reserved 1179648K
  class space    used 12640K, committed 12928K, reserved 1048576K
}
Event: 9.132 GC heap before
{Heap before GC invocations=37 (full 0):
 garbage-first heap   total 147456K, used 85462K [0x0000000080000000, 0x0000000100000000)
  region size 1024K, 7 young (7168K), 6 survivors (6144K)
 Metaspace       used 90744K, committed 91456K, reserved 1179648K
  class space    used 12640K, committed 12928K, reserved 1048576K
}
Event: 9.135 GC heap after
{Heap after GC invocations=38 (full 0):
 garbage-first heap   total 177152K, used 84989K [0x0000000080000000, 0x0000000100000000)
  region size 1024K, 1 young (1024K), 1 survivors (1024K)
 Metaspace       used 90744K, committed 91456K, reserved 1179648K
  class space    used 12640K, committed 12928K, reserved 1048576K
}
Event: 9.410 GC heap before
{Heap before GC invocations=38 (full 0):
 garbage-first heap   total 177152K, used 144381K [0x0000000080000000, 0x0000000100000000)
  region size 1024K, 60 young (61440K), 1 survivors (1024K)
 Metaspace       used 90901K, committed 91584K, reserved 1179648K
  class space    used 12641K, committed 12928K, reserved 1048576K
}
Event: 9.412 GC heap after
{Heap after GC invocations=39 (full 0):
 garbage-first heap   total 177152K, used 87568K [0x0000000080000000, 0x0000000100000000)
  region size 1024K, 4 young (4096K), 4 survivors (4096K)
 Metaspace       used 90901K, committed 91584K, reserved 1179648K
  class space    used 12641K, committed 12928K, reserved 1048576K
}
Event: 9.773 GC heap before
{Heap before GC invocations=40 (full 0):
 garbage-first heap   total 177152K, used 144912K [0x0000000080000000, 0x0000000100000000)
  region size 1024K, 61 young (62464K), 4 survivors (4096K)
 Metaspace       used 91439K, committed 92160K, reserved 1179648K
  class space    used 12692K, committed 12992K, reserved 1048576K
}
Event: 9.776 GC heap after
{Heap after GC invocations=41 (full 0):
 garbage-first heap   total 177152K, used 90360K [0x0000000080000000, 0x0000000100000000)
  region size 1024K, 7 young (7168K), 7 survivors (7168K)
 Metaspace       used 91439K, committed 92160K, reserved 1179648K
  class space    used 12692K, committed 12992K, reserved 1048576K
}
Event: 9.780 GC heap before
{Heap before GC invocations=41 (full 0):
 garbage-first heap   total 177152K, used 91384K [0x0000000080000000, 0x0000000100000000)
  region size 1024K, 8 young (8192K), 7 survivors (7168K)
 Metaspace       used 91439K, committed 92160K, reserved 1179648K
  class space    used 12692K, committed 12992K, reserved 1048576K
}
Event: 9.782 GC heap after
{Heap after GC invocations=42 (full 0):
 garbage-first heap   total 177152K, used 89560K [0x0000000080000000, 0x0000000100000000)
  region size 1024K, 1 young (1024K), 1 survivors (1024K)
 Metaspace       used 91439K, committed 92160K, reserved 1179648K
  class space    used 12692K, committed 12992K, reserved 1048576K
}
Event: 10.043 GC heap before
{Heap before GC invocations=42 (full 0):
 garbage-first heap   total 177152K, used 136664K [0x0000000080000000, 0x0000000100000000)
  region size 1024K, 49 young (50176K), 1 survivors (1024K)
 Metaspace       used 92020K, committed 92736K, reserved 1179648K
  class space    used 12779K, committed 13120K, reserved 1048576K
}
Event: 10.046 GC heap after
{Heap after GC invocations=43 (full 0):
 garbage-first heap   total 177152K, used 93233K [0x0000000080000000, 0x0000000100000000)
  region size 1024K, 5 young (5120K), 5 survivors (5120K)
 Metaspace       used 92020K, committed 92736K, reserved 1179648K
  class space    used 12779K, committed 13120K, reserved 1048576K
}
Event: 10.494 GC heap before
{Heap before GC invocations=44 (full 0):
 garbage-first heap   total 177152K, used 148529K [0x0000000080000000, 0x0000000100000000)
  region size 1024K, 55 young (56320K), 5 survivors (5120K)
 Metaspace       used 98376K, committed 99136K, reserved 1179648K
  class space    used 13547K, committed 13888K, reserved 1048576K
}
Event: 10.498 GC heap after
{Heap after GC invocations=45 (full 0):
 garbage-first heap   total 177152K, used 98148K [0x0000000080000000, 0x0000000100000000)
  region size 1024K, 6 young (6144K), 6 survivors (6144K)
 Metaspace       used 98376K, committed 99136K, reserved 1179648K
  class space    used 13547K, committed 13888K, reserved 1048576K
}
Event: 10.517 GC heap before
{Heap before GC invocations=45 (full 0):
 garbage-first heap   total 177152K, used 99172K [0x0000000080000000, 0x0000000100000000)
  region size 1024K, 8 young (8192K), 6 survivors (6144K)
 Metaspace       used 98876K, committed 99648K, reserved 1179648K
  class space    used 13605K, committed 13952K, reserved 1048576K
}
Event: 10.520 GC heap after
{Heap after GC invocations=46 (full 0):
 garbage-first heap   total 177152K, used 96828K [0x0000000080000000, 0x0000000100000000)
  region size 1024K, 1 young (1024K), 1 survivors (1024K)
 Metaspace       used 98876K, committed 99648K, reserved 1179648K
  class space    used 13605K, committed 13952K, reserved 1048576K
}
Event: 10.587 GC heap before
{Heap before GC invocations=46 (full 0):
 garbage-first heap   total 177152K, used 102972K [0x0000000080000000, 0x0000000100000000)
  region size 1024K, 8 young (8192K), 1 survivors (1024K)
 Metaspace       used 100075K, committed 100800K, reserved 1179648K
  class space    used 13742K, committed 14080K, reserved 1048576K
}
Event: 10.589 GC heap after
{Heap after GC invocations=47 (full 0):
 garbage-first heap   total 177152K, used 97645K [0x0000000080000000, 0x0000000100000000)
  region size 1024K, 2 young (2048K), 2 survivors (2048K)
 Metaspace       used 100075K, committed 100800K, reserved 1179648K
  class space    used 13742K, committed 14080K, reserved 1048576K
}
Event: 10.983 GC heap before
{Heap before GC invocations=48 (full 0):
 garbage-first heap   total 183296K, used 146797K [0x0000000080000000, 0x0000000100000000)
  region size 1024K, 48 young (49152K), 2 survivors (2048K)
 Metaspace       used 101994K, committed 102720K, reserved 1179648K
  class space    used 13995K, committed 14336K, reserved 1048576K
}
Event: 10.989 GC heap after
{Heap after GC invocations=49 (full 0):
 garbage-first heap   total 183296K, used 109864K [0x0000000080000000, 0x0000000100000000)
  region size 1024K, 6 young (6144K), 6 survivors (6144K)
 Metaspace       used 101994K, committed 102720K, reserved 1179648K
  class space    used 13995K, committed 14336K, reserved 1048576K
}
Event: 11.020 GC heap before
{Heap before GC invocations=49 (full 0):
 garbage-first heap   total 183296K, used 111912K [0x0000000080000000, 0x0000000100000000)
  region size 1024K, 8 young (8192K), 6 survivors (6144K)
 Metaspace       used 102289K, committed 103040K, reserved 1179648K
  class space    used 14031K, committed 14400K, reserved 1048576K
}

