# JRE version: OpenJDK Runtime Environment (17.0.11) (build 17.0.11+0--11852314)
# Java VM: OpenJDK 64-Bit Server VM (17.0.11+0--11852314, mixed mode, tiered, compressed oops, compressed class ptrs, g1 gc, windows-amd64)
GC Precious Log:
 CPUs: 12 total, 12 available
 Memory: 15716M
 Large Page Support: Disabled
 NUMA Support: Disabled
 Compressed Oops: Enabled (32-bit)
 Heap Region Size: 1M
 Heap Min Capacity: 8M
 Heap Initial Capacity: 246M
 Heap Max Capacity: 2G
 Pre-touch: Disabled
 Parallel Workers: 10
 Concurrent Workers: 3
 Concurrent Refinement Workers: 10
 Periodic GC: Disabled
Heap:
 garbage-first heap   total 235520K, used 141100K [0x0000000080000000, 0x0000000100000000)
  region size 1024K, 7 young (7168K), 1 survivors (1024K)
 Metaspace       used 95046K, committed 95808K, reserved 1179648K
  class space    used 13096K, committed 13440K, reserved 1048576K
GC Heap History (20 events):
Event: 6.218 GC heap before
{Heap before GC invocations=29 (full 0):
 garbage-first heap   total 121856K, used 94885K [0x0000000080000000, 0x0000000100000000)
  region size 1024K, 33 young (33792K), 3 survivors (3072K)
 Metaspace       used 72073K, committed 72640K, reserved 1114112K
  class space    used 9694K, committed 9984K, reserved 1048576K
}
Event: 6.220 GC heap after
{Heap after GC invocations=30 (full 0):
 garbage-first heap   total 121856K, used 65618K [0x0000000080000000, 0x0000000100000000)
  region size 1024K, 5 young (5120K), 5 survivors (5120K)
 Metaspace       used 72073K, committed 72640K, reserved 1114112K
  class space    used 9694K, committed 9984K, reserved 1048576K
}
Event: 6.359 GC heap before
{Heap before GC invocations=30 (full 0):
 garbage-first heap   total 121856K, used 96338K [0x0000000080000000, 0x0000000100000000)
  region size 1024K, 35 young (35840K), 5 survivors (5120K)
 Metaspace       used 72481K, committed 73088K, reserved 1114112K
  class space    used 9771K, committed 10048K, reserved 1048576K
}
Event: 6.362 GC heap after
{Heap after GC invocations=31 (full 0):
 garbage-first heap   total 121856K, used 68283K [0x0000000080000000, 0x0000000100000000)
  region size 1024K, 5 young (5120K), 5 survivors (5120K)
 Metaspace       used 72481K, committed 73088K, reserved 1114112K
  class space    used 9771K, committed 10048K, reserved 1048576K
}
Event: 6.561 GC heap before
{Heap before GC invocations=31 (full 0):
 garbage-first heap   total 121856K, used 97979K [0x0000000080000000, 0x0000000100000000)
  region size 1024K, 34 young (34816K), 5 survivors (5120K)
 Metaspace       used 73919K, committed 74560K, reserved 1114112K
  class space    used 9969K, committed 10240K, reserved 1048576K
}
Event: 6.563 GC heap after
{Heap after GC invocations=32 (full 0):
 garbage-first heap   total 121856K, used 70168K [0x0000000080000000, 0x0000000100000000)
  region size 1024K, 5 young (5120K), 5 survivors (5120K)
 Metaspace       used 73919K, committed 74560K, reserved 1114112K
  class space    used 9969K, committed 10240K, reserved 1048576K
}
Event: 6.800 GC heap before
{Heap before GC invocations=32 (full 0):
 garbage-first heap   total 121856K, used 98840K [0x0000000080000000, 0x0000000100000000)
  region size 1024K, 33 young (33792K), 5 survivors (5120K)
 Metaspace       used 75859K, committed 76416K, reserved 1179648K
  class space    used 10249K, committed 10496K, reserved 1048576K
}
Event: 6.803 GC heap after
{Heap after GC invocations=33 (full 0):
 garbage-first heap   total 184320K, used 71236K [0x0000000080000000, 0x0000000100000000)
  region size 1024K, 3 young (3072K), 3 survivors (3072K)
 Metaspace       used 75859K, committed 76416K, reserved 1179648K
  class space    used 10249K, committed 10496K, reserved 1048576K
}
Event: 7.445 GC heap before
{Heap before GC invocations=33 (full 0):
 garbage-first heap   total 184320K, used 142916K [0x0000000080000000, 0x0000000100000000)
  region size 1024K, 73 young (74752K), 3 survivors (3072K)
 Metaspace       used 81223K, committed 81856K, reserved 1179648K
  class space    used 11187K, committed 11456K, reserved 1048576K
}
Event: 7.448 GC heap after
{Heap after GC invocations=34 (full 0):
 garbage-first heap   total 184320K, used 74137K [0x0000000080000000, 0x0000000100000000)
  region size 1024K, 6 young (6144K), 6 survivors (6144K)
 Metaspace       used 81223K, committed 81856K, reserved 1179648K
  class space    used 11187K, committed 11456K, reserved 1048576K
}
Event: 8.102 GC heap before
{Heap before GC invocations=34 (full 0):
 garbage-first heap   total 184320K, used 149913K [0x0000000080000000, 0x0000000100000000)
  region size 1024K, 80 young (81920K), 6 survivors (6144K)
 Metaspace       used 87663K, committed 88384K, reserved 1179648K
  class space    used 12137K, committed 12480K, reserved 1048576K
}
Event: 8.107 GC heap after
{Heap after GC invocations=35 (full 0):
 garbage-first heap   total 184320K, used 78335K [0x0000000080000000, 0x0000000100000000)
  region size 1024K, 9 young (9216K), 9 survivors (9216K)
 Metaspace       used 87663K, committed 88384K, reserved 1179648K
  class space    used 12137K, committed 12480K, reserved 1048576K
}
Event: 8.553 GC heap before
{Heap before GC invocations=35 (full 0):
 garbage-first heap   total 184320K, used 148991K [0x0000000080000000, 0x0000000100000000)
  region size 1024K, 79 young (80896K), 9 survivors (9216K)
 Metaspace       used 90947K, committed 91648K, reserved 1179648K
  class space    used 12688K, committed 12992K, reserved 1048576K
}
Event: 8.561 GC heap after
{Heap after GC invocations=36 (full 0):
 garbage-first heap   total 184320K, used 84651K [0x0000000080000000, 0x0000000100000000)
  region size 1024K, 10 young (10240K), 10 survivors (10240K)
 Metaspace       used 90947K, committed 91648K, reserved 1179648K
  class space    used 12688K, committed 12992K, reserved 1048576K
}
Event: 8.770 GC heap before
{Heap before GC invocations=36 (full 0):
 garbage-first heap   total 184320K, used 153259K [0x0000000080000000, 0x0000000100000000)
  region size 1024K, 73 young (74752K), 10 survivors (10240K)
 Metaspace       used 92460K, committed 93120K, reserved 1179648K
  class space    used 12812K, committed 13120K, reserved 1048576K
}
Event: 8.775 GC heap after
{Heap after GC invocations=37 (full 0):
 garbage-first heap   total 184320K, used 87397K [0x0000000080000000, 0x0000000100000000)
  region size 1024K, 5 young (5120K), 5 survivors (5120K)
 Metaspace       used 92460K, committed 93120K, reserved 1179648K
  class space    used 12812K, committed 13120K, reserved 1048576K
}
Event: 9.220 GC heap before
{Heap before GC invocations=37 (full 0):
 garbage-first heap   total 184320K, used 151909K [0x0000000080000000, 0x0000000100000000)
  region size 1024K, 66 young (67584K), 5 survivors (5120K)
 Metaspace       used 94698K, committed 95424K, reserved 1179648K
  class space    used 13043K, committed 13376K, reserved 1048576K
}
Event: 9.232 GC heap after
{Heap after GC invocations=38 (full 0):
 garbage-first heap   total 184320K, used 113408K [0x0000000080000000, 0x0000000100000000)
  region size 1024K, 9 young (9216K), 9 survivors (9216K)
 Metaspace       used 94698K, committed 95424K, reserved 1179648K
  class space    used 13043K, committed 13376K, reserved 1048576K
}
Event: 9.276 GC heap before
{Heap before GC invocations=38 (full 0):
 garbage-first heap   total 184320K, used 130816K [0x0000000080000000, 0x0000000100000000)
  region size 1024K, 12 young (12288K), 9 survivors (9216K)
 Metaspace       used 94698K, committed 95424K, reserved 1179648K
  class space    used 13043K, committed 13376K, reserved 1048576K
}
Event: 9.281 GC heap after
{Heap after GC invocations=39 (full 0):
 garbage-first heap   total 184320K, used 123692K [0x0000000080000000, 0x0000000100000000)
  region size 1024K, 1 young (1024K), 1 survivors (1024K)
 Metaspace       used 94698K, committed 95424K, reserved 1179648K
  class space    used 13043K, committed 13376K, reserved 1048576K
}

