# JRE version: OpenJDK Runtime Environment (17.0.11) (build 17.0.11+0--11852314)
# Java VM: OpenJDK 64-Bit Server VM (17.0.11+0--11852314, mixed mode, tiered, compressed oops, compressed class ptrs, g1 gc, windows-amd64)
GC Precious Log:
 CPUs: 12 total, 12 available
 Memory: 15716M
 Large Page Support: Disabled
 NUMA Support: Disabled
 Compressed Oops: Enabled (32-bit)
 Heap Region Size: 1M
 Heap Min Capacity: 8M
 Heap Initial Capacity: 246M
 Heap Max Capacity: 2G
 Pre-touch: Disabled
 Parallel Workers: 10
 Concurrent Workers: 3
 Concurrent Refinement Workers: 10
 Periodic GC: Disabled
Heap:
 garbage-first heap   total 260096K, used 119431K [0x0000000080000000, 0x0000000100000000)
  region size 1024K, 12 young (12288K), 7 survivors (7168K)
 Metaspace       used 121087K, committed 121856K, reserved 1179648K
  class space    used 17338K, committed 17664K, reserved 1048576K
GC Heap History (20 events):
Event: 5.783 GC heap before
{Heap before GC invocations=27 (full 0):
 garbage-first heap   total 130048K, used 102282K [0x0000000080000000, 0x0000000100000000)
  region size 1024K, 36 young (36864K), 1 survivors (1024K)
 Metaspace       used 72222K, committed 72832K, reserved 1114112K
  class space    used 9763K, committed 10048K, reserved 1048576K
}
Event: 5.785 GC heap after
{Heap after GC invocations=28 (full 0):
 garbage-first heap   total 130048K, used 67865K [0x0000000080000000, 0x0000000100000000)
  region size 1024K, 3 young (3072K), 3 survivors (3072K)
 Metaspace       used 72222K, committed 72832K, reserved 1114112K
  class space    used 9763K, committed 10048K, reserved 1048576K
}
Event: 5.961 GC heap before
{Heap before GC invocations=29 (full 0):
 garbage-first heap   total 130048K, used 103705K [0x0000000080000000, 0x0000000100000000)
  region size 1024K, 38 young (38912K), 3 survivors (3072K)
 Metaspace       used 72561K, committed 73152K, reserved 1114112K
  class space    used 9797K, committed 10048K, reserved 1048576K
}
Event: 5.964 GC heap after
{Heap after GC invocations=30 (full 0):
 garbage-first heap   total 130048K, used 70859K [0x0000000080000000, 0x0000000100000000)
  region size 1024K, 5 young (5120K), 5 survivors (5120K)
 Metaspace       used 72561K, committed 73152K, reserved 1114112K
  class space    used 9797K, committed 10048K, reserved 1048576K
}
Event: 5.972 GC heap before
{Heap before GC invocations=30 (full 0):
 garbage-first heap   total 130048K, used 70859K [0x0000000080000000, 0x0000000100000000)
  region size 1024K, 6 young (6144K), 5 survivors (5120K)
 Metaspace       used 72638K, committed 73216K, reserved 1114112K
  class space    used 9806K, committed 10048K, reserved 1048576K
}
Event: 5.975 GC heap after
{Heap after GC invocations=31 (full 0):
 garbage-first heap   total 260096K, used 71129K [0x0000000080000000, 0x0000000100000000)
  region size 1024K, 1 young (1024K), 1 survivors (1024K)
 Metaspace       used 72638K, committed 73216K, reserved 1114112K
  class space    used 9806K, committed 10048K, reserved 1048576K
}
Event: 7.045 GC heap before
{Heap before GC invocations=31 (full 0):
 garbage-first heap   total 260096K, used 195033K [0x0000000080000000, 0x0000000100000000)
  region size 1024K, 122 young (124928K), 1 survivors (1024K)
 Metaspace       used 81739K, committed 82368K, reserved 1179648K
  class space    used 11291K, committed 11584K, reserved 1048576K
}
Event: 7.050 GC heap after
{Heap after GC invocations=32 (full 0):
 garbage-first heap   total 260096K, used 75447K [0x0000000080000000, 0x0000000100000000)
  region size 1024K, 5 young (5120K), 5 survivors (5120K)
 Metaspace       used 81739K, committed 82368K, reserved 1179648K
  class space    used 11291K, committed 11584K, reserved 1048576K
}
Event: 8.283 GC heap before
{Heap before GC invocations=32 (full 0):
 garbage-first heap   total 260096K, used 209591K [0x0000000080000000, 0x0000000100000000)
  region size 1024K, 136 young (139264K), 5 survivors (5120K)
 Metaspace       used 90784K, committed 91520K, reserved 1179648K
  class space    used 12665K, committed 12992K, reserved 1048576K
}
Event: 8.291 GC heap after
{Heap after GC invocations=33 (full 0):
 garbage-first heap   total 260096K, used 85402K [0x0000000080000000, 0x0000000100000000)
  region size 1024K, 15 young (15360K), 15 survivors (15360K)
 Metaspace       used 90784K, committed 91520K, reserved 1179648K
  class space    used 12665K, committed 12992K, reserved 1048576K
}
Event: 8.694 GC heap before
{Heap before GC invocations=33 (full 0):
 garbage-first heap   total 260096K, used 206234K [0x0000000080000000, 0x0000000100000000)
  region size 1024K, 134 young (137216K), 15 survivors (15360K)
 Metaspace       used 91454K, committed 92160K, reserved 1179648K
  class space    used 12718K, committed 13056K, reserved 1048576K
}
Event: 8.703 GC heap after
{Heap after GC invocations=34 (full 0):
 garbage-first heap   total 260096K, used 90532K [0x0000000080000000, 0x0000000100000000)
  region size 1024K, 8 young (8192K), 8 survivors (8192K)
 Metaspace       used 91454K, committed 92160K, reserved 1179648K
  class space    used 12718K, committed 13056K, reserved 1048576K
}
Event: 9.605 GC heap before
{Heap before GC invocations=34 (full 0):
 garbage-first heap   total 260096K, used 216484K [0x0000000080000000, 0x0000000100000000)
  region size 1024K, 125 young (128000K), 8 survivors (8192K)
 Metaspace       used 100843K, committed 101632K, reserved 1179648K
  class space    used 13846K, committed 14208K, reserved 1048576K
}
Event: 9.615 GC heap after
{Heap after GC invocations=35 (full 0):
 garbage-first heap   total 260096K, used 105472K [0x0000000080000000, 0x0000000100000000)
  region size 1024K, 16 young (16384K), 16 survivors (16384K)
 Metaspace       used 100843K, committed 101632K, reserved 1179648K
  class space    used 13846K, committed 14208K, reserved 1048576K
}
Event: 10.201 GC heap before
{Heap before GC invocations=35 (full 0):
 garbage-first heap   total 260096K, used 202752K [0x0000000080000000, 0x0000000100000000)
  region size 1024K, 112 young (114688K), 16 survivors (16384K)
 Metaspace       used 102839K, committed 103552K, reserved 1179648K
  class space    used 14107K, committed 14464K, reserved 1048576K
}
Event: 10.211 GC heap after
{Heap after GC invocations=36 (full 0):
 garbage-first heap   total 260096K, used 110836K [0x0000000080000000, 0x0000000100000000)
  region size 1024K, 10 young (10240K), 10 survivors (10240K)
 Metaspace       used 102839K, committed 103552K, reserved 1179648K
  class space    used 14107K, committed 14464K, reserved 1048576K
}
Event: 11.001 GC heap before
{Heap before GC invocations=36 (full 0):
 garbage-first heap   total 260096K, used 202996K [0x0000000080000000, 0x0000000100000000)
  region size 1024K, 101 young (103424K), 10 survivors (10240K)
 Metaspace       used 112996K, committed 113792K, reserved 1179648K
  class space    used 15754K, committed 16128K, reserved 1048576K
}
Event: 11.007 GC heap after
{Heap after GC invocations=37 (full 0):
 garbage-first heap   total 260096K, used 114340K [0x0000000080000000, 0x0000000100000000)
  region size 1024K, 5 young (5120K), 5 survivors (5120K)
 Metaspace       used 112996K, committed 113792K, reserved 1179648K
  class space    used 15754K, committed 16128K, reserved 1048576K
}
Event: 11.439 GC heap before
{Heap before GC invocations=37 (full 0):
 garbage-first heap   total 260096K, used 191140K [0x0000000080000000, 0x0000000100000000)
  region size 1024K, 82 young (83968K), 5 survivors (5120K)
 Metaspace       used 120635K, committed 121408K, reserved 1179648K
  class space    used 17240K, committed 17600K, reserved 1048576K
}
Event: 11.445 GC heap after
{Heap after GC invocations=38 (full 0):
 garbage-first heap   total 260096K, used 116359K [0x0000000080000000, 0x0000000100000000)
  region size 1024K, 7 young (7168K), 7 survivors (7168K)
 Metaspace       used 120635K, committed 121408K, reserved 1179648K
  class space    used 17240K, committed 17600K, reserved 1048576K
}

